2022-12-16T17:02:53.312Z
cwd: /app/prototype
package: govuk-prototype-kit@13.0.1
argv: /usr/local/bin/node /root/.npm/_npx/ab0cb2c39bc0319f/node_modules/.bin/govuk-prototype-kit migrate
Started [Check migration is being applied to a pre v13 prototype]
Succeeded [Check migration is being applied to a pre v13 prototype]
2022-12-16T17:03:16.688Z
cwd: /app/prototype
package: govuk-prototype-kit@13.0.1
argv: /usr/local/bin/node /app/prototype/node_modules/.bin/govuk-prototype-kit migrate -- /app/prototype
Started [Migrate config.js to config.json]
Started [Update application SCSS file]
Started [Deleted files that are no longer needed]
Started [Deleted directories that are no longer needed]
Started [Delete /app/prototype/listen-on-port.js]
Started [Delete /app/prototype/start.js]
Started [Delete /app/prototype/app/assets/sass/unbranded-ie8.scss]
Started [Delete /app/prototype/server.js]
Started [Delete /app/prototype/app/assets/sass/application-ie8.scss]
Started [Delete /app/prototype/VERSION.txt]
Started [Delete /app/prototype/gulpfile.js]
Started [Remove unused directory gulp]
Started [Delete /app/prototype/Procfile]
Started [Remove unused directory docs]
Started [Remove unused directory lib]
Succeeded [Migrate config.js to config.json]
Started [Overwrite app/assets/javascripts/application.js]
Started [Overwrite app/filters.js]
Succeeded [Delete /app/prototype/listen-on-port.js]
Started [Overwrite app/views/layout.html]
Succeeded [Delete /app/prototype/app/assets/sass/application-ie8.scss]
Succeeded [Delete /app/prototype/start.js]
Succeeded [Delete /app/prototype/gulpfile.js]
Succeeded [Delete /app/prototype/app/assets/sass/unbranded-ie8.scss]
Succeeded [Delete /app/prototype/server.js]
Failed [Overwrite app/assets/javascripts/application.js]
Succeeded [Delete /app/prototype/Procfile]
Failed [Overwrite app/filters.js]
Succeeded [Delete /app/prototype/VERSION.txt]
Started [Delete app/assets/javascripts/jquery-1.11.3.js]
Started [Delete app/views/includes/cookie-banner.html]
Started [Delete app/assets/javascripts/auto-store-data.js]
Started [Delete app/views/layout_unbranded.html]
Started [Delete app/views/includes/breadcrumb_examples.html]
Started [Delete app/assets/sass/unbranded.scss]
Started [Delete app/assets/sass/patterns/_step-by-step-related.scss]
copying from [/app/prototype/node_modules/govuk-prototype-kit/prototype-starter/app/views/layouts/main.html] to [/app/prototype/app/views/layout.html]
Started [Delete app/assets/sass/patterns/_step-by-step-nav.scss]
Started [Delete app/assets/sass/patterns/_related-items.scss]
Started [Delete app/assets/sass/patterns/_step-by-step-header.scss]
Started [Delete app/assets/sass/patterns/_task-list.scss]
Succeeded [Deleted files that are no longer needed]
Failed [Delete app/views/layout_unbranded.html]
Could not found [// Add your routes here - above the module.exports line] in [/app/prototype/app/routes.js, aborting
Found [// Add extra styles here, or re-organise the Sass files in whichever way makes most sense to you] in [/app/prototype/app/assets/sass/application.scss, replacing
Failed [Update routes file]
Keeping these lines from old file
Succeeded [Remove unused directory gulp]
Succeeded [Delete app/assets/javascripts/jquery-1.11.3.js]
Succeeded [Delete app/views/includes/cookie-banner.html]
Succeeded [Delete app/assets/javascripts/auto-store-data.js]
Succeeded [Delete app/assets/sass/unbranded.scss]
Succeeded [Delete app/views/includes/breadcrumb_examples.html]
Succeeded [Delete app/assets/sass/patterns/_step-by-step-related.scss]
Succeeded [Delete app/assets/sass/patterns/_step-by-step-header.scss]
Succeeded [Delete app/assets/sass/patterns/_step-by-step-nav.scss]
Succeeded [Delete app/assets/sass/patterns/_task-list.scss]
Succeeded [Delete app/assets/sass/patterns/_related-items.scss]
Succeeded [Update application SCSS file]
Succeeded [Remove unused directory lib]
Succeeded [Remove unused directory docs]
Succeeded [Deleted directories that are no longer needed]
Started [Delete app/views/includes/head.html]
Started [Delete app/views/includes/scripts.html]
Succeeded [Delete app/views/includes/head.html]
Succeeded [Delete app/views/includes/scripts.html]
Started [Remove old pattern includes from application SCSS file]
Succeeded [Remove old pattern includes from application SCSS file]
Started [Remove empty directory /app/assets/sass/patterns]
Started [Remove empty directory /app/assets/images]
Started [Remove empty directory /app/views/includes]
Succeeded [Remove empty directory /app/assets/sass/patterns]
Succeeded [Remove empty directory /app/views/includes]
Skipped deleting /app/assets/images
2022-12-16T17:18:12.503Z
cwd: /app/prototype
package: govuk-prototype-kit@13.0.1
argv: /usr/local/bin/node /app/prototype/node_modules/.bin/govuk-prototype-kit migrate
Started [Check migration is being applied to a pre v13 prototype]
Failed [Check migration is being applied to a pre v13 prototype]
